Added Component: Designator=C6_WCH1(A768EB476M1ELAE042)
Add component (AddParameter): Name = "Manufactrurer P/N"; Value = "A768EB476M1ELAE042"; VariantName = "[No Variations]"
Add component (AddParameter): Name = "Manufacturer"; Value = "KEMET"; VariantName = "[No Variations]"
Added Component: Designator=C6_WCH2(A768EB476M1ELAE042)
Add component (AddParameter): Name = "Manufactrurer P/N"; Value = "A768EB476M1ELAE042"; VariantName = "[No Variations]"
Add component (AddParameter): Name = "Manufacturer"; Value = "KEMET"; VariantName = "[No Variations]"
Added Component: Designator=C6_WCH3(A768EB476M1ELAE042)
Add component (AddParameter): Name = "Manufactrurer P/N"; Value = "A768EB476M1ELAE042"; VariantName = "[No Variations]"
Add component (AddParameter): Name = "Manufacturer"; Value = "KEMET"; VariantName = "[No Variations]"
Added Component: Designator=C6_WCH4(A768EB476M1ELAE042)
Add component (AddParameter): Name = "Manufactrurer P/N"; Value = "A768EB476M1ELAE042"; VariantName = "[No Variations]"
Add component (AddParameter): Name = "Manufacturer"; Value = "KEMET"; VariantName = "[No Variations]"
Added Component: Designator=C7_WCH1(C0603)
Add component (AddParameter): Name = "Manufacturer"; Value = "KEMET"; VariantName = "[No Variations]"
Add component (AddParameter): Name = "Manufacturer P/N"; Value = "C0603C104K5RECAUTO"; VariantName = "[No Variations]"
Added Component: Designator=C7_WCH2(C0603)
Add component (AddParameter): Name = "Manufacturer"; Value = "KEMET"; VariantName = "[No Variations]"
Add component (AddParameter): Name = "Manufacturer P/N"; Value = "C0603C104K5RECAUTO"; VariantName = "[No Variations]"
Added Component: Designator=C7_WCH3(C0603)
Add component (AddParameter): Name = "Manufacturer"; Value = "KEMET"; VariantName = "[No Variations]"
Add component (AddParameter): Name = "Manufacturer P/N"; Value = "C0603C104K5RECAUTO"; VariantName = "[No Variations]"
Added Component: Designator=C7_WCH4(C0603)
Add component (AddParameter): Name = "Manufacturer"; Value = "KEMET"; VariantName = "[No Variations]"
Add component (AddParameter): Name = "Manufacturer P/N"; Value = "C0603C104K5RECAUTO"; VariantName = "[No Variations]"
Added Component: Designator=C8_WCH1(C0603)
Add component (AddParameter): Name = "Manufacturer"; Value = "KEMET"; VariantName = "[No Variations]"
Add component (AddParameter): Name = "Manufacturer P/N"; Value = "C0603C104K5RECAUTO"; VariantName = "[No Variations]"
Added Component: Designator=C8_WCH2(C0603)
Add component (AddParameter): Name = "Manufacturer"; Value = "KEMET"; VariantName = "[No Variations]"
Add component (AddParameter): Name = "Manufacturer P/N"; Value = "C0603C104K5RECAUTO"; VariantName = "[No Variations]"
Added Component: Designator=C8_WCH3(C0603)
Add component (AddParameter): Name = "Manufacturer"; Value = "KEMET"; VariantName = "[No Variations]"
Add component (AddParameter): Name = "Manufacturer P/N"; Value = "C0603C104K5RECAUTO"; VariantName = "[No Variations]"
Added Component: Designator=C8_WCH4(C0603)
Add component (AddParameter): Name = "Manufacturer"; Value = "KEMET"; VariantName = "[No Variations]"
Add component (AddParameter): Name = "Manufacturer P/N"; Value = "C0603C104K5RECAUTO"; VariantName = "[No Variations]"
Added Component: Designator=R3_WCH1(R0603)
Add component (AddParameter): Name = "Manufactrurer P/N"; Value = "RC0603FR-0730KL"; VariantName = "[No Variations]"
Add component (AddParameter): Name = "Manufacturer"; Value = "YAGEO"; VariantName = "[No Variations]"
Added Component: Designator=R3_WCH2(R0603)
Add component (AddParameter): Name = "Manufactrurer P/N"; Value = "RC0603FR-0730KL"; VariantName = "[No Variations]"
Add component (AddParameter): Name = "Manufacturer"; Value = "YAGEO"; VariantName = "[No Variations]"
Added Component: Designator=R3_WCH3(R0603)
Add component (AddParameter): Name = "Manufactrurer P/N"; Value = "RC0603FR-0730KL"; VariantName = "[No Variations]"
Add component (AddParameter): Name = "Manufacturer"; Value = "YAGEO"; VariantName = "[No Variations]"
Added Component: Designator=R3_WCH4(R0603)
Add component (AddParameter): Name = "Manufactrurer P/N"; Value = "RC0603FR-0730KL"; VariantName = "[No Variations]"
Add component (AddParameter): Name = "Manufacturer"; Value = "YAGEO"; VariantName = "[No Variations]"
Added Component: Designator=U2_WCH1(TI-8-SO PowerPad)
Add component (AddParameter): Name = "Manufacturer"; Value = "Texas Instruments"; VariantName = "[No Variations]"
Add component (AddParameter): Name = "Manufacturer P/N"; Value = "DRV8871DDAR"; VariantName = "[No Variations]"
Added Component: Designator=U2_WCH2(TI-8-SO PowerPad)
Add component (AddParameter): Name = "Manufacturer"; Value = "Texas Instruments"; VariantName = "[No Variations]"
Add component (AddParameter): Name = "Manufacturer P/N"; Value = "DRV8871DDAR"; VariantName = "[No Variations]"
Added Component: Designator=U2_WCH3(TI-8-SO PowerPad)
Add component (AddParameter): Name = "Manufacturer"; Value = "Texas Instruments"; VariantName = "[No Variations]"
Add component (AddParameter): Name = "Manufacturer P/N"; Value = "DRV8871DDAR"; VariantName = "[No Variations]"
Added Component: Designator=U2_WCH4(TI-8-SO PowerPad)
Add component (AddParameter): Name = "Manufacturer"; Value = "Texas Instruments"; VariantName = "[No Variations]"
Add component (AddParameter): Name = "Manufacturer P/N"; Value = "DRV8871DDAR"; VariantName = "[No Variations]"
Added Pin To Net: NetName=+12V Pin=C6_WCH1-1
Added Pin To Net: NetName=GND Pin=C6_WCH1-2
Added Pin To Net: NetName=+12V Pin=C6_WCH2-1
Added Pin To Net: NetName=GND Pin=C6_WCH2-2
Added Pin To Net: NetName=+12V Pin=C6_WCH3-1
Added Pin To Net: NetName=GND Pin=C6_WCH3-2
Added Pin To Net: NetName=+12V Pin=C6_WCH4-1
Added Pin To Net: NetName=GND Pin=C6_WCH4-2
Added Pin To Net: NetName=GND Pin=C7_WCH1-1
Added Pin To Net: NetName=+12V Pin=C7_WCH1-2
Added Pin To Net: NetName=GND Pin=C7_WCH2-1
Added Pin To Net: NetName=+12V Pin=C7_WCH2-2
Added Pin To Net: NetName=GND Pin=C7_WCH3-1
Added Pin To Net: NetName=+12V Pin=C7_WCH3-2
Added Pin To Net: NetName=GND Pin=C7_WCH4-1
Added Pin To Net: NetName=+12V Pin=C7_WCH4-2
Added Pin To Net: NetName=GND Pin=C8_WCH1-1
Added Pin To Net: NetName=+12V Pin=C8_WCH1-2
Added Pin To Net: NetName=GND Pin=C8_WCH2-1
Added Pin To Net: NetName=+12V Pin=C8_WCH2-2
Added Pin To Net: NetName=GND Pin=C8_WCH3-1
Added Pin To Net: NetName=+12V Pin=C8_WCH3-2
Added Pin To Net: NetName=GND Pin=C8_WCH4-1
Added Pin To Net: NetName=+12V Pin=C8_WCH4-2
Added Pin To Net: NetName=GND Pin=R3_WCH1-1
Added Pin To Net: NetName=NetR3_WCH1_2 Pin=R3_WCH1-2
Added Pin To Net: NetName=GND Pin=R3_WCH2-1
Added Pin To Net: NetName=NetR3_WCH2_2 Pin=R3_WCH2-2
Added Pin To Net: NetName=GND Pin=R3_WCH3-1
Added Pin To Net: NetName=NetR3_WCH3_2 Pin=R3_WCH3-2
Added Pin To Net: NetName=GND Pin=R3_WCH4-1
Added Pin To Net: NetName=NetR3_WCH4_2 Pin=R3_WCH4-2
Added Pin To Net: NetName=GND Pin=U2_WCH1-1
Added Pin To Net: NetName=WCH1_2 Pin=U2_WCH1-2
Added Pin To Net: NetName=WCH1_1 Pin=U2_WCH1-3
Added Pin To Net: NetName=NetR3_WCH1_2 Pin=U2_WCH1-4
Added Pin To Net: NetName=+12V Pin=U2_WCH1-5
Added Pin To Net: NetName=SOL1_1 Pin=U2_WCH1-6
Added Pin To Net: NetName=GND Pin=U2_WCH1-7
Added Pin To Net: NetName=SOL1_2 Pin=U2_WCH1-8
Added Pin To Net: NetName=GND Pin=U2_WCH1-9
Added Pin To Net: NetName=GND Pin=U2_WCH2-1
Added Pin To Net: NetName=WCH2_2 Pin=U2_WCH2-2
Added Pin To Net: NetName=WCH2_1 Pin=U2_WCH2-3
Added Pin To Net: NetName=NetR3_WCH2_2 Pin=U2_WCH2-4
Added Pin To Net: NetName=+12V Pin=U2_WCH2-5
Added Pin To Net: NetName=SOL2_1 Pin=U2_WCH2-6
Added Pin To Net: NetName=GND Pin=U2_WCH2-7
Added Pin To Net: NetName=SOL2_2 Pin=U2_WCH2-8
Added Pin To Net: NetName=GND Pin=U2_WCH2-9
Added Pin To Net: NetName=GND Pin=U2_WCH3-1
Added Pin To Net: NetName=WCH3_2 Pin=U2_WCH3-2
Added Pin To Net: NetName=WCH3_1 Pin=U2_WCH3-3
Added Pin To Net: NetName=NetR3_WCH3_2 Pin=U2_WCH3-4
Added Pin To Net: NetName=+12V Pin=U2_WCH3-5
Added Pin To Net: NetName=SOL3_1 Pin=U2_WCH3-6
Added Pin To Net: NetName=GND Pin=U2_WCH3-7
Added Pin To Net: NetName=SOL3_2 Pin=U2_WCH3-8
Added Pin To Net: NetName=GND Pin=U2_WCH3-9
Added Pin To Net: NetName=GND Pin=U2_WCH4-1
Added Pin To Net: NetName=WCH4_2 Pin=U2_WCH4-2
Added Pin To Net: NetName=WCH4_1 Pin=U2_WCH4-3
Added Pin To Net: NetName=NetR3_WCH4_2 Pin=U2_WCH4-4
Added Pin To Net: NetName=+12V Pin=U2_WCH4-5
Added Pin To Net: NetName=SOL4_1 Pin=U2_WCH4-6
Added Pin To Net: NetName=GND Pin=U2_WCH4-7
Added Pin To Net: NetName=SOL4_2 Pin=U2_WCH4-8
Added Pin To Net: NetName=GND Pin=U2_WCH4-9
Added Member To Class: ClassName=WCH1 Member=Component C6_WCH1 (C6) 47uF
Added Member To Class: ClassName=WCH2 Member=Component C6_WCH2 (C6) 47uF
Added Member To Class: ClassName=WCH3 Member=Component C6_WCH3 (C6) 47uF
Added Member To Class: ClassName=WCH4 Member=Component C6_WCH4 (C6) 47uF
Added Member To Class: ClassName=WCH1 Member=Component C7_WCH1 (C7) 0.1uF
Added Member To Class: ClassName=WCH2 Member=Component C7_WCH2 (C7) 0.1uF
Added Member To Class: ClassName=WCH3 Member=Component C7_WCH3 (C7) 0.1uF
Added Member To Class: ClassName=WCH4 Member=Component C7_WCH4 (C7) 0.1uF
Added Member To Class: ClassName=WCH1 Member=Component C8_WCH1 (C8) 0.1uF
Added Member To Class: ClassName=WCH2 Member=Component C8_WCH2 (C8) 0.1uF
Added Member To Class: ClassName=WCH3 Member=Component C8_WCH3 (C8) 0.1uF
Added Member To Class: ClassName=WCH4 Member=Component C8_WCH4 (C8) 0.1uF
Added Member To Class: ClassName=WCH1 Member=Component R3_WCH1 (R3) 20K
Added Member To Class: ClassName=WCH2 Member=Component R3_WCH2 (R3) 20K
Added Member To Class: ClassName=WCH3 Member=Component R3_WCH3 (R3) 20K
Added Member To Class: ClassName=WCH4 Member=Component R3_WCH4 (R3) 20K
Added Member To Class: ClassName=WCH1 Member=Component U2_WCH1 (U2) DRV8871DDAR
Added Member To Class: ClassName=WCH2 Member=Component U2_WCH2 (U2) DRV8871DDAR
Added Member To Class: ClassName=WCH3 Member=Component U2_WCH3 (U2) DRV8871DDAR
Added Member To Class: ClassName=WCH4 Member=Component U2_WCH4 (U2) DRV8871DDAR
Added Room: Name=WCH1
Added Room: Name=WCH2
Added Room: Name=WCH3
Added Room: Name=WCH4
