Removed Pin From Net: NetName=PHI_1 Pin=J2-1
Removed Pin From Net: NetName=PHO_1 Pin=J2-2
Removed Pin From Net: NetName=PHI_2 Pin=J2-3
Removed Pin From Net: NetName=PHO_2 Pin=J2-4
Removed Pin From Net: NetName=DCI_1 Pin=J2-5
Removed Pin From Net: NetName=DCO_1 Pin=J2-6
Removed Pin From Net: NetName=DCI_2 Pin=J2-7
Removed Pin From Net: NetName=DCO_2 Pin=J2-8
Removed Pin From Net: NetName=DCI_3 Pin=J4-1
Removed Pin From Net: NetName=DCO_3 Pin=J4-2
Removed Pin From Net: NetName=DCI_4 Pin=J4-3
Removed Pin From Net: NetName=DCO_4 Pin=J4-4
Removed Pin From Net: NetName=INV_12V Pin=J4-5
Removed Pin From Net: NetName=GND Pin=J4-6
Change Component Designator: OldDesignator=J? NewDesignator=J5
Change Component Designator: OldDesignator=R?_WCH1 NewDesignator=R3_WCH1
Change Component Designator: OldDesignator=R?_WCH2 NewDesignator=R3_WCH2
Change Component Designator: OldDesignator=R?_WCH3 NewDesignator=R3_WCH3
Change Component Designator: OldDesignator=R?_WCH4 NewDesignator=R3_WCH4
Added Component: Designator=J2(691101810008)
Add component (AddParameter): Name = "Manufacturer"; Value = "W?rth Elektronik"; VariantName = "[No Variations]"
Add component (AddParameter): Name = "Manufacturer P/N"; Value = "691101810008"; VariantName = "[No Variations]"
Added Component: Designator=J4(691101810008)
Add component (AddParameter): Name = "Manufacturer"; Value = "W?rth Elektronik"; VariantName = "[No Variations]"
Add component (AddParameter): Name = "Manufacturer P/N"; Value = "691101810008"; VariantName = "[No Variations]"
Added Pin To Net: NetName=PHI_1 Pin=J2-1
Added Pin To Net: NetName=PHO_1 Pin=J2-2
Added Pin To Net: NetName=PHI_2 Pin=J2-3
Added Pin To Net: NetName=PHO_2 Pin=J2-4
Added Pin To Net: NetName=DCI_1 Pin=J2-5
Added Pin To Net: NetName=DCO_1 Pin=J2-6
Added Pin To Net: NetName=DCI_2 Pin=J2-7
Added Pin To Net: NetName=DCO_2 Pin=J2-8
Added Pin To Net: NetName=DCI_3 Pin=J4-1
Added Pin To Net: NetName=DCO_3 Pin=J4-2
Added Pin To Net: NetName=DCI_4 Pin=J4-3
Added Pin To Net: NetName=DCO_4 Pin=J4-4
Added Pin To Net: NetName=INV_12V Pin=J4-5
Added Pin To Net: NetName=GND Pin=J4-6
Add Pin To Net: Unknown Pin: Pin L1-1
Add Pin To Net: Unknown Pin: Pin L1-2
Change Net Name : Old Net Name=NetR?_WCH1_2 New Net Name=NetR3_WCH1_2
Change Net Name : Old Net Name=NetR?_WCH2_2 New Net Name=NetR3_WCH2_2
Change Net Name : Old Net Name=NetR?_WCH3_2 New Net Name=NetR3_WCH3_2
Change Net Name : Old Net Name=NetR?_WCH4_2 New Net Name=NetR3_WCH4_2
Add Class Member: Failed to add class member : Component *_ECH1 (*) Tital_block_1
Add Class Member: Failed to add class member : Component *_ECH2 (*) Tital_block_1
Add Class Member: Failed to add class member : Component *_ECH3 (*) Tital_block_1
Add Class Member: Failed to add class member : Component *_ECH4 (*) Tital_block_1
Add Class Member: Failed to add class member : Component *_ECH5 (*) Tital_block_1
Add Class Member: Failed to add class member : Component *_ECH6 (*) Tital_block_1
Add Class Member: Failed to add class member : Component *_WCH1 (*) Tital_block_1
Add Class Member: Failed to add class member : Component *_WCH2 (*) Tital_block_1
Add Class Member: Failed to add class member : Component *_WCH3 (*) Tital_block_1
Add Class Member: Failed to add class member : Component *_WCH4 (*) Tital_block_1
Add Class Member: Failed to add class member : Component * Tital_block_1
Added Member To Class: ClassName=Main Member=Component J3 XFHB9500G
Added Member To Class: ClassName=Main Member=Component J5 282834-8
Add Class Member: Failed to add class member : Component L1 3.3uH
