Removed Member From Class: ClassName=Electrical Channels Member=U_Electrical Channels_1
Removed Member From Class: ClassName=Electrical Channels Member=U_Electrical Channels_2
Removed Member From Class: ClassName=Electrical Channels Member=U_Electrical Channels_3
Removed Member From Class: ClassName=Electrical Channels Member=U_Electrical Channels_4
Removed Member From Class: ClassName=Electrical Channels Member=U_Electrical Channels_61
Removed Member From Class: ClassName=Electrical Channels Member=U_Electrical Channels_62
Added Component: Designator=C1(C0603)
Add component (AddParameter): Name = "Manufacturer"; Value = "KYOCERA AVX"; VariantName = "[No Variations]"
Add component (AddParameter): Name = "Manufacturer P/N"; Value = "KGM15BR71E104KT"; VariantName = "[No Variations]"
Added Component: Designator=C2(C1206)
Add component (AddParameter): Name = "Manufacturer"; Value = "Samsung Electro-Mechanics"; VariantName = "[No Variations]"
Add component (AddParameter): Name = "Manufacturer P/N"; Value = "CL31A106KBHNNNE"; VariantName = "[No Variations]"
Added Component: Designator=C3(C1206)
Add component (AddParameter): Name = "Manufacturer"; Value = "Samsung Electro-Mechanics"; VariantName = "[No Variations]"
Add component (AddParameter): Name = "Manufacturer P/N"; Value = "CL31A106KBHNNNE"; VariantName = "[No Variations]"
Added Component: Designator=C4(C0603)
Add component (AddParameter): Name = "Manufacturer"; Value = "YAGEO"; VariantName = "[No Variations]"
Add component (AddParameter): Name = "Manufacturer P/N"; Value = "CC0603MRX5R6BB106"; VariantName = "[No Variations]"
Added Component: Designator=C5(C0603)
Add component (AddParameter): Name = "Manufacturer"; Value = "YAGEO"; VariantName = "[No Variations]"
Add component (AddParameter): Name = "Manufacturer P/N"; Value = "CC0603MRX5R6BB106"; VariantName = "[No Variations]"
Added Component: Designator=D1_ECH1(PCBComponent_1)
Add component (AddParameter): Name = "Manufacturer"; Value = "Vishay General Semiconductor - Diodes Division"; VariantName = "[No Variations]"
Add component (AddParameter): Name = "Manufacturer P/N"; Value = "1N5392-E3/54"; VariantName = "[No Variations]"
Added Component: Designator=D1_ECH2(PCBComponent_1)
Add component (AddParameter): Name = "Manufacturer"; Value = "Vishay General Semiconductor - Diodes Division"; VariantName = "[No Variations]"
Add component (AddParameter): Name = "Manufacturer P/N"; Value = "1N5392-E3/54"; VariantName = "[No Variations]"
Added Component: Designator=D1_ECH3(PCBComponent_1)
Add component (AddParameter): Name = "Manufacturer"; Value = "Vishay General Semiconductor - Diodes Division"; VariantName = "[No Variations]"
Add component (AddParameter): Name = "Manufacturer P/N"; Value = "1N5392-E3/54"; VariantName = "[No Variations]"
Added Component: Designator=D1_ECH4(PCBComponent_1)
Add component (AddParameter): Name = "Manufacturer"; Value = "Vishay General Semiconductor - Diodes Division"; VariantName = "[No Variations]"
Add component (AddParameter): Name = "Manufacturer P/N"; Value = "1N5392-E3/54"; VariantName = "[No Variations]"
Added Component: Designator=D1_ECH5(PCBComponent_1)
Add component (AddParameter): Name = "Manufacturer"; Value = "Vishay General Semiconductor - Diodes Division"; VariantName = "[No Variations]"
Add component (AddParameter): Name = "Manufacturer P/N"; Value = "1N5392-E3/54"; VariantName = "[No Variations]"
Added Component: Designator=D1_ECH6(PCBComponent_1)
Add component (AddParameter): Name = "Manufacturer"; Value = "Vishay General Semiconductor - Diodes Division"; VariantName = "[No Variations]"
Add component (AddParameter): Name = "Manufacturer P/N"; Value = "1N5392-E3/54"; VariantName = "[No Variations]"
Added Component: Designator=J1(2x20 2.54mm header)
Added Component: Designator=Q1(ON-SEMI SOT 23)
Added Component: Designator=Q2(SOT78(TO220AB))
Added Component: Designator=Q5_ECH1(ON-SEMI SOT 23)
Added Component: Designator=Q5_ECH2(ON-SEMI SOT 23)
Added Component: Designator=Q5_ECH3(ON-SEMI SOT 23)
Added Component: Designator=Q5_ECH4(ON-SEMI SOT 23)
Added Component: Designator=Q5_ECH5(ON-SEMI SOT 23)
Added Component: Designator=Q5_ECH6(ON-SEMI SOT 23)
Added Component: Designator=Q6_ECH1(SOT78(TO220AB))
Added Component: Designator=Q6_ECH2(SOT78(TO220AB))
Added Component: Designator=Q6_ECH3(SOT78(TO220AB))
Added Component: Designator=Q6_ECH4(SOT78(TO220AB))
Added Component: Designator=Q6_ECH5(SOT78(TO220AB))
Added Component: Designator=Q6_ECH6(SOT78(TO220AB))
Added Component: Designator=R1(R0603)
Added Component: Designator=R2(R0603)
Added Component: Designator=R5_ECH1(R0603)
Added Component: Designator=R5_ECH2(R0603)
Added Component: Designator=R5_ECH3(R0603)
Added Component: Designator=R5_ECH4(R0603)
Added Component: Designator=R5_ECH5(R0603)
Added Component: Designator=R5_ECH6(R0603)
Added Component: Designator=R6_ECH1(R0603)
Added Component: Designator=R6_ECH2(R0603)
Added Component: Designator=R6_ECH3(R0603)
Added Component: Designator=R6_ECH4(R0603)
Added Component: Designator=R6_ECH5(R0603)
Added Component: Designator=R6_ECH6(R0603)
Added Component: Designator=R7(R0603)
Added Component: Designator=R8(R0603)
Added Component: Designator=REL1_ECH1(ALQ3F12)
Add component (AddParameter): Name = "ComponentLink1Description"; Value = "New link"; VariantName = "[No Variations]"
Add component (AddParameter): Name = "ComponentLink1URL"; Value = ""; VariantName = "[No Variations]"
Add component (AddParameter): Name = "Manufacturer"; Value = "Panasonic Electric Works"; VariantName = "[No Variations]"
Add component (AddParameter): Name = "Manufacturer P/N"; Value = "ALQ3F12"; VariantName = "[No Variations]"
Added Component: Designator=REL1_ECH2(ALQ3F12)
Add component (AddParameter): Name = "ComponentLink1Description"; Value = "New link"; VariantName = "[No Variations]"
Add component (AddParameter): Name = "ComponentLink1URL"; Value = ""; VariantName = "[No Variations]"
Add component (AddParameter): Name = "Manufacturer"; Value = "Panasonic Electric Works"; VariantName = "[No Variations]"
Add component (AddParameter): Name = "Manufacturer P/N"; Value = "ALQ3F12"; VariantName = "[No Variations]"
Added Component: Designator=REL1_ECH3(ALQ3F12)
Add component (AddParameter): Name = "ComponentLink1Description"; Value = "New link"; VariantName = "[No Variations]"
Add component (AddParameter): Name = "ComponentLink1URL"; Value = ""; VariantName = "[No Variations]"
Add component (AddParameter): Name = "Manufacturer"; Value = "Panasonic Electric Works"; VariantName = "[No Variations]"
Add component (AddParameter): Name = "Manufacturer P/N"; Value = "ALQ3F12"; VariantName = "[No Variations]"
Added Component: Designator=REL1_ECH4(ALQ3F12)
Add component (AddParameter): Name = "ComponentLink1Description"; Value = "New link"; VariantName = "[No Variations]"
Add component (AddParameter): Name = "ComponentLink1URL"; Value = ""; VariantName = "[No Variations]"
Add component (AddParameter): Name = "Manufacturer"; Value = "Panasonic Electric Works"; VariantName = "[No Variations]"
Add component (AddParameter): Name = "Manufacturer P/N"; Value = "ALQ3F12"; VariantName = "[No Variations]"
Added Component: Designator=REL1_ECH5(ALQ3F12)
Add component (AddParameter): Name = "ComponentLink1Description"; Value = "New link"; VariantName = "[No Variations]"
Add component (AddParameter): Name = "ComponentLink1URL"; Value = ""; VariantName = "[No Variations]"
Add component (AddParameter): Name = "Manufacturer"; Value = "Panasonic Electric Works"; VariantName = "[No Variations]"
Add component (AddParameter): Name = "Manufacturer P/N"; Value = "ALQ3F12"; VariantName = "[No Variations]"
Added Component: Designator=REL1_ECH6(ALQ3F12)
Add component (AddParameter): Name = "ComponentLink1Description"; Value = "New link"; VariantName = "[No Variations]"
Add component (AddParameter): Name = "ComponentLink1URL"; Value = ""; VariantName = "[No Variations]"
Add component (AddParameter): Name = "Manufacturer"; Value = "Panasonic Electric Works"; VariantName = "[No Variations]"
Add component (AddParameter): Name = "Manufacturer P/N"; Value = "ALQ3F12"; VariantName = "[No Variations]"
Added Component: Designator=U1(TI-SOT23)
Added Pin To Net: NetName=+5V Pin=C4-2
Added Pin To Net: NetName=+5V Pin=C5-2
Added Pin To Net: NetName=+5V Pin=R7-2
Added Net: Name=+5V
Added Pin To Net: NetName=+12V Pin=C2-2
Added Pin To Net: NetName=+12V Pin=C3-2
Added Pin To Net: NetName=+12V Pin=D1_ECH1-1
Added Pin To Net: NetName=+12V Pin=D1_ECH2-1
Added Pin To Net: NetName=+12V Pin=D1_ECH3-1
Added Pin To Net: NetName=+12V Pin=D1_ECH4-1
Added Pin To Net: NetName=+12V Pin=D1_ECH5-1
Added Pin To Net: NetName=+12V Pin=D1_ECH6-1
Added Pin To Net: NetName=+12V Pin=REL1_ECH1-1
Added Pin To Net: NetName=+12V Pin=REL1_ECH2-1
Added Pin To Net: NetName=+12V Pin=REL1_ECH3-1
Added Pin To Net: NetName=+12V Pin=REL1_ECH4-1
Added Pin To Net: NetName=+12V Pin=REL1_ECH5-1
Added Pin To Net: NetName=+12V Pin=REL1_ECH6-1
Added Pin To Net: NetName=+12V Pin=U1-3
Added Pin To Net: NetName=+12V Pin=U1-5
Added Net: Name=+12V
Added Pin To Net: NetName=GND Pin=C2-1
Added Pin To Net: NetName=GND Pin=C3-1
Added Pin To Net: NetName=GND Pin=C4-1
Added Pin To Net: NetName=GND Pin=C5-1
Added Pin To Net: NetName=GND Pin=Q1-2
Added Pin To Net: NetName=GND Pin=Q2-2
Added Pin To Net: NetName=GND Pin=Q5_ECH1-2
Added Pin To Net: NetName=GND Pin=Q5_ECH2-2
Added Pin To Net: NetName=GND Pin=Q5_ECH3-2
Added Pin To Net: NetName=GND Pin=Q5_ECH4-2
Added Pin To Net: NetName=GND Pin=Q5_ECH5-2
Added Pin To Net: NetName=GND Pin=Q5_ECH6-2
Added Pin To Net: NetName=GND Pin=Q6_ECH1-2
Added Pin To Net: NetName=GND Pin=Q6_ECH2-2
Added Pin To Net: NetName=GND Pin=Q6_ECH3-2
Added Pin To Net: NetName=GND Pin=Q6_ECH4-2
Added Pin To Net: NetName=GND Pin=Q6_ECH5-2
Added Pin To Net: NetName=GND Pin=Q6_ECH6-2
Added Pin To Net: NetName=GND Pin=R2-1
Added Pin To Net: NetName=GND Pin=R6_ECH1-1
Added Pin To Net: NetName=GND Pin=R6_ECH2-1
Added Pin To Net: NetName=GND Pin=R6_ECH3-1
Added Pin To Net: NetName=GND Pin=R6_ECH4-1
Added Pin To Net: NetName=GND Pin=R6_ECH5-1
Added Pin To Net: NetName=GND Pin=R6_ECH6-1
Added Pin To Net: NetName=GND Pin=R8-1
Added Pin To Net: NetName=GND Pin=U1-1
Added Net: Name=GND
Added Pin To Net: NetName=Inveter_ch Pin=R1-1
Added Pin To Net: NetName=Inveter_ch Pin=R2-2
Added Net: Name=Inveter_ch
Added Pin To Net: NetName=Mains_GND Pin=REL1_ECH1-4
Added Pin To Net: NetName=Mains_GND Pin=REL1_ECH2-4
Added Pin To Net: NetName=Mains_GND Pin=REL1_ECH3-4
Added Pin To Net: NetName=Mains_GND Pin=REL1_ECH4-4
Added Pin To Net: NetName=Mains_GND Pin=REL1_ECH5-4
Added Pin To Net: NetName=Mains_GND Pin=REL1_ECH6-4
Added Net: Name=Mains_GND
Added Pin To Net: NetName=NetC1_1 Pin=C1-1
Added Pin To Net: NetName=NetC1_1 Pin=U1-6
Added Net: Name=NetC1_1
Added Pin To Net: NetName=NetC1_2 Pin=C1-2
Added Pin To Net: NetName=NetC1_2 Pin=U1-2
Added Net: Name=NetC1_2
Added Pin To Net: NetName=NetD1_ECH1_2 Pin=D1_ECH1-2
Added Pin To Net: NetName=NetD1_ECH1_2 Pin=Q5_ECH1-3
Added Pin To Net: NetName=NetD1_ECH1_2 Pin=Q6_ECH1-3
Added Pin To Net: NetName=NetD1_ECH1_2 Pin=REL1_ECH1-2
Added Net: Name=NetD1_ECH1_2
Added Pin To Net: NetName=NetD1_ECH2_2 Pin=D1_ECH2-2
Added Pin To Net: NetName=NetD1_ECH2_2 Pin=Q5_ECH2-3
Added Pin To Net: NetName=NetD1_ECH2_2 Pin=Q6_ECH2-3
Added Pin To Net: NetName=NetD1_ECH2_2 Pin=REL1_ECH2-2
Added Net: Name=NetD1_ECH2_2
Added Pin To Net: NetName=NetD1_ECH3_2 Pin=D1_ECH3-2
Added Pin To Net: NetName=NetD1_ECH3_2 Pin=Q5_ECH3-3
Added Pin To Net: NetName=NetD1_ECH3_2 Pin=Q6_ECH3-3
Added Pin To Net: NetName=NetD1_ECH3_2 Pin=REL1_ECH3-2
Added Net: Name=NetD1_ECH3_2
Added Pin To Net: NetName=NetD1_ECH4_2 Pin=D1_ECH4-2
Added Pin To Net: NetName=NetD1_ECH4_2 Pin=Q5_ECH4-3
Added Pin To Net: NetName=NetD1_ECH4_2 Pin=Q6_ECH4-3
Added Pin To Net: NetName=NetD1_ECH4_2 Pin=REL1_ECH4-2
Added Net: Name=NetD1_ECH4_2
Added Pin To Net: NetName=NetD1_ECH5_2 Pin=D1_ECH5-2
Added Pin To Net: NetName=NetD1_ECH5_2 Pin=Q5_ECH5-3
Added Pin To Net: NetName=NetD1_ECH5_2 Pin=Q6_ECH5-3
Added Pin To Net: NetName=NetD1_ECH5_2 Pin=REL1_ECH5-2
Added Net: Name=NetD1_ECH5_2
Added Pin To Net: NetName=NetD1_ECH6_2 Pin=D1_ECH6-2
Added Pin To Net: NetName=NetD1_ECH6_2 Pin=Q5_ECH6-3
Added Pin To Net: NetName=NetD1_ECH6_2 Pin=Q6_ECH6-3
Added Pin To Net: NetName=NetD1_ECH6_2 Pin=REL1_ECH6-2
Added Net: Name=NetD1_ECH6_2
Added Pin To Net: NetName=NetQ1_1 Pin=Q1-1
Added Pin To Net: NetName=NetQ1_1 Pin=Q2-1
Added Pin To Net: NetName=NetQ1_1 Pin=R1-2
Added Net: Name=NetQ1_1
Added Pin To Net: NetName=NetQ1_3 Pin=Q1-3
Added Pin To Net: NetName=NetQ1_3 Pin=Q2-3
Added Net: Name=NetQ1_3
Added Pin To Net: NetName=NetQ5_ECH1_1 Pin=Q5_ECH1-1
Added Pin To Net: NetName=NetQ5_ECH1_1 Pin=Q6_ECH1-1
Added Pin To Net: NetName=NetQ5_ECH1_1 Pin=R5_ECH1-2
Added Net: Name=NetQ5_ECH1_1
Added Pin To Net: NetName=NetQ5_ECH2_1 Pin=Q5_ECH2-1
Added Pin To Net: NetName=NetQ5_ECH2_1 Pin=Q6_ECH2-1
Added Pin To Net: NetName=NetQ5_ECH2_1 Pin=R5_ECH2-2
Added Net: Name=NetQ5_ECH2_1
Added Pin To Net: NetName=NetQ5_ECH3_1 Pin=Q5_ECH3-1
Added Pin To Net: NetName=NetQ5_ECH3_1 Pin=Q6_ECH3-1
Added Pin To Net: NetName=NetQ5_ECH3_1 Pin=R5_ECH3-2
Added Net: Name=NetQ5_ECH3_1
Added Pin To Net: NetName=NetQ5_ECH4_1 Pin=Q5_ECH4-1
Added Pin To Net: NetName=NetQ5_ECH4_1 Pin=Q6_ECH4-1
Added Pin To Net: NetName=NetQ5_ECH4_1 Pin=R5_ECH4-2
Added Net: Name=NetQ5_ECH4_1
Added Pin To Net: NetName=NetQ5_ECH5_1 Pin=Q5_ECH5-1
Added Pin To Net: NetName=NetQ5_ECH5_1 Pin=Q6_ECH5-1
Added Pin To Net: NetName=NetQ5_ECH5_1 Pin=R5_ECH5-2
Added Net: Name=NetQ5_ECH5_1
Added Pin To Net: NetName=NetQ5_ECH6_1 Pin=Q5_ECH6-1
Added Pin To Net: NetName=NetQ5_ECH6_1 Pin=Q6_ECH6-1
Added Pin To Net: NetName=NetQ5_ECH6_1 Pin=R5_ECH6-2
Added Net: Name=NetQ5_ECH6_1
Added Pin To Net: NetName=NetR5_ECH1_1 Pin=R5_ECH1-1
Added Pin To Net: NetName=NetR5_ECH1_1 Pin=R6_ECH1-2
Added Net: Name=NetR5_ECH1_1
Added Pin To Net: NetName=NetR5_ECH2_1 Pin=R5_ECH2-1
Added Pin To Net: NetName=NetR5_ECH2_1 Pin=R6_ECH2-2
Added Net: Name=NetR5_ECH2_1
Added Pin To Net: NetName=NetR5_ECH3_1 Pin=R5_ECH3-1
Added Pin To Net: NetName=NetR5_ECH3_1 Pin=R6_ECH3-2
Added Net: Name=NetR5_ECH3_1
Added Pin To Net: NetName=NetR5_ECH4_1 Pin=R5_ECH4-1
Added Pin To Net: NetName=NetR5_ECH4_1 Pin=R6_ECH4-2
Added Net: Name=NetR5_ECH4_1
Added Pin To Net: NetName=NetR5_ECH5_1 Pin=R5_ECH5-1
Added Pin To Net: NetName=NetR5_ECH5_1 Pin=R6_ECH5-2
Added Net: Name=NetR5_ECH5_1
Added Pin To Net: NetName=NetR5_ECH6_1 Pin=R5_ECH6-1
Added Pin To Net: NetName=NetR5_ECH6_1 Pin=R6_ECH6-2
Added Net: Name=NetR5_ECH6_1
Added Pin To Net: NetName=NetR7_1 Pin=R7-1
Added Pin To Net: NetName=NetR7_1 Pin=R8-2
Added Pin To Net: NetName=NetR7_1 Pin=U1-4
Added Net: Name=NetR7_1
Added Pin To Net: NetName=NetREL1_ECH1_3 Pin=REL1_ECH1-3
Added Net: Name=NetREL1_ECH1_3
Added Pin To Net: NetName=NetREL1_ECH2_3 Pin=REL1_ECH2-3
Added Net: Name=NetREL1_ECH2_3
Added Pin To Net: NetName=NetREL1_ECH3_3 Pin=REL1_ECH3-3
Added Net: Name=NetREL1_ECH3_3
Added Pin To Net: NetName=NetREL1_ECH4_3 Pin=REL1_ECH4-3
Added Net: Name=NetREL1_ECH4_3
Added Pin To Net: NetName=NetREL1_ECH5_3 Pin=REL1_ECH5-3
Added Net: Name=NetREL1_ECH5_3
Added Pin To Net: NetName=NetREL1_ECH6_3 Pin=REL1_ECH6-3
Added Net: Name=NetREL1_ECH6_3
Added Class: Name=ECH1
Added Class: Name=ECH2
Added Class: Name=ECH3
Added Class: Name=ECH4
Added Class: Name=ECH5
Added Class: Name=ECH6
Add Class Member: Failed to add class member : Component * Tital_block_1
Added Member To Class: ClassName=U_PS Member=Component C1 0.1uF
Added Member To Class: ClassName=U_PS Member=Component C2 10uF
Added Member To Class: ClassName=U_PS Member=Component C3 10uF
Added Member To Class: ClassName=U_PS Member=Component C4 10uF
Added Member To Class: ClassName=U_PS Member=Component C5 10uF
Added Member To Class: ClassName=Main Member=Component J1 2x20 header 2.54mm
Add Class Member: Failed to add class member : Component L1 3.3uH
Added Member To Class: ClassName=Main Member=Component Q1 FDN335N
Added Member To Class: ClassName=Main Member=Component Q2 IRF530N0-Bojack
Added Member To Class: ClassName=Main Member=Component R1 1K
Added Member To Class: ClassName=Main Member=Component R2 10K
Added Member To Class: ClassName=U_PS Member=Component R7 56K2
Added Member To Class: ClassName=U_PS Member=Component R8 10K
Added Member To Class: ClassName=U_PS Member=Component U1 TPS563200DDCR
Added Member To Class: ClassName=Electrical Channels Member=ECH1 (Electrical Channels.SchDoc)
Added Member To Class: ClassName=Electrical Channels Member=ECH2 (Electrical Channels.SchDoc)
Added Member To Class: ClassName=Electrical Channels Member=ECH3 (Electrical Channels.SchDoc)
Added Member To Class: ClassName=Electrical Channels Member=ECH4 (Electrical Channels.SchDoc)
Added Member To Class: ClassName=Electrical Channels Member=ECH5 (Electrical Channels.SchDoc)
Added Member To Class: ClassName=Electrical Channels Member=ECH6 (Electrical Channels.SchDoc)
