Added Component: Designator=J?(282834-8)
Add component (AddParameter): Name = "Manufacturer"; Value = "TE Connectivity AMP Connectors"; VariantName = "[No Variations]"
Add component (AddParameter): Name = "Manufacturer P/N"; Value = "282834-8"; VariantName = "[No Variations]"
Added Pin To Net: NetName=+3V3 Pin=J1-1
Added Pin To Net: NetName=+3V3 Pin=J1-17
Added Net: Name=+3V3
Added Pin To Net: NetName=GPIO5 Pin=J1-29
Added Net: Name=GPIO5
Added Pin To Net: NetName=GPIO6 Pin=J1-31
Added Net: Name=GPIO6
Added Pin To Net: NetName=GPIO9 Pin=J1-21
Added Net: Name=GPIO9
Added Pin To Net: NetName=GPIO11 Pin=J1-23
Added Net: Name=GPIO11
Added Pin To Net: NetName=GPIO12 Pin=J1-32
Added Net: Name=GPIO12
Added Pin To Net: NetName=GPIO13 Pin=J1-33
Added Net: Name=GPIO13
Added Pin To Net: NetName=GPIO16 Pin=J1-36
Added Net: Name=GPIO16
Added Pin To Net: NetName=GPIO19 Pin=J1-35
Added Net: Name=GPIO19
Added Pin To Net: NetName=GPIO20 Pin=J1-38
Added Net: Name=GPIO20
Added Pin To Net: NetName=GPIO26 Pin=J1-37
Added Net: Name=GPIO26
Added Member To Class: ClassName=Main Member=Component J? 282834-8
