Removed Pin From Net: NetName=GND Pin=Q1-2
Removed Pin From Net: NetName=GND Pin=Q2-2
Change Component Designator: OldDesignator=J? NewDesignator=J2
Change Component Designator: OldDesignator=J? NewDesignator=J3
Added Pin To Net: NetName=GND Pin=J3-6
Add Pin To Net: Unknown Pin: Pin L1-1
Add Pin To Net: Unknown Pin: Pin L1-2
Added Pin To Net: NetName=+12V Pin=Q1-3
Added Pin To Net: NetName=+12V Pin=Q2-3
Added Pin To Net: NetName=INV_12V Pin=J3-5
Added Pin To Net: NetName=INV_12V Pin=Q1-2
Added Pin To Net: NetName=INV_12V Pin=Q2-2
Added Net: Name=INV_12V
Add Class Member: Failed to add class member : Component *_ECH1 (*) Tital_block_1
Add Class Member: Failed to add class member : Component *_ECH2 (*) Tital_block_1
Add Class Member: Failed to add class member : Component *_ECH3 (*) Tital_block_1
Add Class Member: Failed to add class member : Component *_ECH4 (*) Tital_block_1
Add Class Member: Failed to add class member : Component *_ECH5 (*) Tital_block_1
Add Class Member: Failed to add class member : Component *_ECH6 (*) Tital_block_1
Add Class Member: Failed to add class member : Component * Tital_block_1
Added Member To Class: ClassName=ECH1 Member=Component D1_ECH1 (D1) 1N5392
Added Member To Class: ClassName=ECH2 Member=Component D1_ECH2 (D1) 1N5392
Added Member To Class: ClassName=ECH3 Member=Component D1_ECH3 (D1) 1N5392
Added Member To Class: ClassName=ECH4 Member=Component D1_ECH4 (D1) 1N5392
Added Member To Class: ClassName=ECH5 Member=Component D1_ECH5 (D1) 1N5392
Added Member To Class: ClassName=ECH6 Member=Component D1_ECH6 (D1) 1N5392
Added Member To Class: ClassName=Main Member=Component J3 282834-8
Add Class Member: Failed to add class member : Component L1 3.3uH
Added Member To Class: ClassName=ECH1 Member=Component Q5_ECH1 (Q5) FDN335N
Added Member To Class: ClassName=ECH2 Member=Component Q5_ECH2 (Q5) FDN335N
Added Member To Class: ClassName=ECH3 Member=Component Q5_ECH3 (Q5) FDN335N
Added Member To Class: ClassName=ECH4 Member=Component Q5_ECH4 (Q5) FDN335N
Added Member To Class: ClassName=ECH5 Member=Component Q5_ECH5 (Q5) FDN335N
Added Member To Class: ClassName=ECH6 Member=Component Q5_ECH6 (Q5) FDN335N
Added Member To Class: ClassName=ECH1 Member=Component Q6_ECH1 (Q6) IRF530N0-Bojack
Added Member To Class: ClassName=ECH2 Member=Component Q6_ECH2 (Q6) IRF530N0-Bojack
Added Member To Class: ClassName=ECH3 Member=Component Q6_ECH3 (Q6) IRF530N0-Bojack
Added Member To Class: ClassName=ECH4 Member=Component Q6_ECH4 (Q6) IRF530N0-Bojack
Added Member To Class: ClassName=ECH5 Member=Component Q6_ECH5 (Q6) IRF530N0-Bojack
Added Member To Class: ClassName=ECH6 Member=Component Q6_ECH6 (Q6) IRF530N0-Bojack
Added Member To Class: ClassName=ECH1 Member=Component R5_ECH1 (R5) 1K
Added Member To Class: ClassName=ECH2 Member=Component R5_ECH2 (R5) 1K
Added Member To Class: ClassName=ECH3 Member=Component R5_ECH3 (R5) 1K
Added Member To Class: ClassName=ECH4 Member=Component R5_ECH4 (R5) 1K
Added Member To Class: ClassName=ECH5 Member=Component R5_ECH5 (R5) 1K
Added Member To Class: ClassName=ECH6 Member=Component R5_ECH6 (R5) 1K
Added Member To Class: ClassName=ECH1 Member=Component R6_ECH1 (R6) 10K
Added Member To Class: ClassName=ECH2 Member=Component R6_ECH2 (R6) 10K
Added Member To Class: ClassName=ECH3 Member=Component R6_ECH3 (R6) 10K
Added Member To Class: ClassName=ECH4 Member=Component R6_ECH4 (R6) 10K
Added Member To Class: ClassName=ECH5 Member=Component R6_ECH5 (R6) 10K
Added Member To Class: ClassName=ECH6 Member=Component R6_ECH6 (R6) 10K
Added Member To Class: ClassName=ECH1 Member=Component REL1_ECH1 (REL1) ALQ3F12
Added Member To Class: ClassName=ECH2 Member=Component REL1_ECH2 (REL1) ALQ3F12
Added Member To Class: ClassName=ECH3 Member=Component REL1_ECH3 (REL1) ALQ3F12
Added Member To Class: ClassName=ECH4 Member=Component REL1_ECH4 (REL1) ALQ3F12
Added Member To Class: ClassName=ECH5 Member=Component REL1_ECH5 (REL1) ALQ3F12
Added Member To Class: ClassName=ECH6 Member=Component REL1_ECH6 (REL1) ALQ3F12
