Removed Pin From Net: NetName=INV_12V Pin=J4-5
Removed Pin From Net: NetName=GND Pin=J4-6
Added Component: Designator=D1_ECH7(PCBComponent_1)
Add component (AddParameter): Name = "Manufacturer"; Value = "Vishay General Semiconductor - Diodes Division"; VariantName = "[No Variations]"
Add component (AddParameter): Name = "Manufacturer P/N"; Value = "1N5392-E3/54"; VariantName = "[No Variations]"
Added Component: Designator=Q5_ECH7(ON-SEMI SOT 23)
Added Component: Designator=Q6_ECH7(SOT78(TO220AB))
Added Component: Designator=R5_ECH7(R0603)
Added Component: Designator=R6_ECH7(R0603)
Added Component: Designator=REL1_ECH7(ALQ3F12)
Add component (AddParameter): Name = "ComponentLink1Description"; Value = "New link"; VariantName = "[No Variations]"
Add component (AddParameter): Name = "ComponentLink1URL"; Value = ""; VariantName = "[No Variations]"
Add component (AddParameter): Name = "Manufacturer"; Value = "Panasonic Electric Works"; VariantName = "[No Variations]"
Add component (AddParameter): Name = "Manufacturer P/N"; Value = "ALQ3F12"; VariantName = "[No Variations]"
Added Pin To Net: NetName=+12V Pin=D1_ECH7-1
Added Pin To Net: NetName=INV_12V Pin=J4-7
Added Pin To Net: NetName=GND Pin=J4-8
Add Pin To Net: Unknown Pin: Pin L1-1
Add Pin To Net: Unknown Pin: Pin L1-2
Added Pin To Net: NetName=GND Pin=Q5_ECH7-2
Added Pin To Net: NetName=GND Pin=Q6_ECH7-2
Added Pin To Net: NetName=GND Pin=R6_ECH7-1
Added Pin To Net: NetName=+12V Pin=REL1_ECH7-1
Added Pin To Net: NetName=DCI_5 Pin=J4-5
Added Pin To Net: NetName=DCI_5 Pin=REL1_ECH7-3
Added Net: Name=DCI_5
Added Pin To Net: NetName=DCO_5 Pin=J4-6
Added Pin To Net: NetName=DCO_5 Pin=REL1_ECH7-4
Added Net: Name=DCO_5
Added Pin To Net: NetName=ECH7 Pin=R5_ECH7-1
Added Pin To Net: NetName=ECH7 Pin=R6_ECH7-2
Added Net: Name=ECH7
Added Pin To Net: NetName=NetD1_ECH7_2 Pin=D1_ECH7-2
Added Pin To Net: NetName=NetD1_ECH7_2 Pin=Q5_ECH7-3
Added Pin To Net: NetName=NetD1_ECH7_2 Pin=Q6_ECH7-3
Added Pin To Net: NetName=NetD1_ECH7_2 Pin=REL1_ECH7-2
Added Net: Name=NetD1_ECH7_2
Added Pin To Net: NetName=NetQ5_ECH7_1 Pin=Q5_ECH7-1
Added Pin To Net: NetName=NetQ5_ECH7_1 Pin=Q6_ECH7-1
Added Pin To Net: NetName=NetQ5_ECH7_1 Pin=R5_ECH7-2
Added Net: Name=NetQ5_ECH7_1
Added Class: Name=ECH7
Add Class Member: Failed to add class member : Component *_ECH1 (*) Tital_block_1
Add Class Member: Failed to add class member : Component *_ECH2 (*) Tital_block_1
Add Class Member: Failed to add class member : Component *_ECH3 (*) Tital_block_1
Add Class Member: Failed to add class member : Component *_ECH4 (*) Tital_block_1
Add Class Member: Failed to add class member : Component *_ECH5 (*) Tital_block_1
Add Class Member: Failed to add class member : Component *_ECH6 (*) Tital_block_1
Add Class Member: Failed to add class member : Component *_WCH1 (*) Tital_block_1
Add Class Member: Failed to add class member : Component *_WCH2 (*) Tital_block_1
Add Class Member: Failed to add class member : Component *_WCH3 (*) Tital_block_1
Add Class Member: Failed to add class member : Component *_WCH4 (*) Tital_block_1
Add Class Member: Failed to add class member : Component * Tital_block_1
Added Member To Class: ClassName=Main Member=Component J2 691101810008
Added Member To Class: ClassName=Main Member=Component J4 691101810008
Add Class Member: Failed to add class member : Component L1 3.3uH
Added Member To Class: ClassName=Electrical Channels Member=ECH7 (Electrical Channels.SchDoc)
