Removed Pin From Net: NetName=+12V Pin=D1_ECH1-1
Removed Pin From Net: NetName=NetD1_ECH1_2 Pin=D1_ECH1-2
Removed Pin From Net: NetName=+12V Pin=D1_ECH2-1
Removed Pin From Net: NetName=NetD1_ECH2_2 Pin=D1_ECH2-2
Removed Pin From Net: NetName=+12V Pin=D1_ECH3-1
Removed Pin From Net: NetName=NetD1_ECH3_2 Pin=D1_ECH3-2
Removed Pin From Net: NetName=+12V Pin=D1_ECH4-1
Removed Pin From Net: NetName=NetD1_ECH4_2 Pin=D1_ECH4-2
Removed Pin From Net: NetName=+12V Pin=D1_ECH5-1
Removed Pin From Net: NetName=NetD1_ECH5_2 Pin=D1_ECH5-2
Removed Pin From Net: NetName=+12V Pin=D1_ECH6-1
Removed Pin From Net: NetName=NetD1_ECH6_2 Pin=D1_ECH6-2
Removed Pin From Net: NetName=NetQ5_ECH1_1 Pin=Q5_ECH1-1
Removed Pin From Net: NetName=GND Pin=Q5_ECH1-2
Removed Pin From Net: NetName=NetD1_ECH1_2 Pin=Q5_ECH1-3
Removed Pin From Net: NetName=NetQ5_ECH2_1 Pin=Q5_ECH2-1
Removed Pin From Net: NetName=GND Pin=Q5_ECH2-2
Removed Pin From Net: NetName=NetD1_ECH2_2 Pin=Q5_ECH2-3
Removed Pin From Net: NetName=NetQ5_ECH3_1 Pin=Q5_ECH3-1
Removed Pin From Net: NetName=GND Pin=Q5_ECH3-2
Removed Pin From Net: NetName=NetD1_ECH3_2 Pin=Q5_ECH3-3
Removed Pin From Net: NetName=NetQ5_ECH4_1 Pin=Q5_ECH4-1
Removed Pin From Net: NetName=GND Pin=Q5_ECH4-2
Removed Pin From Net: NetName=NetD1_ECH4_2 Pin=Q5_ECH4-3
Removed Pin From Net: NetName=NetQ5_ECH5_1 Pin=Q5_ECH5-1
Removed Pin From Net: NetName=GND Pin=Q5_ECH5-2
Removed Pin From Net: NetName=NetD1_ECH5_2 Pin=Q5_ECH5-3
Removed Pin From Net: NetName=NetQ5_ECH6_1 Pin=Q5_ECH6-1
Removed Pin From Net: NetName=GND Pin=Q5_ECH6-2
Removed Pin From Net: NetName=NetD1_ECH6_2 Pin=Q5_ECH6-3
Removed Pin From Net: NetName=NetQ5_ECH1_1 Pin=Q6_ECH1-1
Removed Pin From Net: NetName=GND Pin=Q6_ECH1-2
Removed Pin From Net: NetName=NetD1_ECH1_2 Pin=Q6_ECH1-3
Removed Pin From Net: NetName=NetQ5_ECH2_1 Pin=Q6_ECH2-1
Removed Pin From Net: NetName=GND Pin=Q6_ECH2-2
Removed Pin From Net: NetName=NetD1_ECH2_2 Pin=Q6_ECH2-3
Removed Pin From Net: NetName=NetQ5_ECH3_1 Pin=Q6_ECH3-1
Removed Pin From Net: NetName=GND Pin=Q6_ECH3-2
Removed Pin From Net: NetName=NetD1_ECH3_2 Pin=Q6_ECH3-3
Removed Pin From Net: NetName=NetQ5_ECH4_1 Pin=Q6_ECH4-1
Removed Pin From Net: NetName=GND Pin=Q6_ECH4-2
Removed Pin From Net: NetName=NetD1_ECH4_2 Pin=Q6_ECH4-3
Removed Pin From Net: NetName=NetQ5_ECH5_1 Pin=Q6_ECH5-1
Removed Pin From Net: NetName=GND Pin=Q6_ECH5-2
Removed Pin From Net: NetName=NetD1_ECH5_2 Pin=Q6_ECH5-3
Removed Pin From Net: NetName=NetQ5_ECH6_1 Pin=Q6_ECH6-1
Removed Pin From Net: NetName=GND Pin=Q6_ECH6-2
Removed Pin From Net: NetName=NetD1_ECH6_2 Pin=Q6_ECH6-3
Removed Pin From Net: NetName=NetQ5_ECH1_1 Pin=R5_ECH1-2
Removed Pin From Net: NetName=NetQ5_ECH2_1 Pin=R5_ECH2-2
Removed Pin From Net: NetName=NetQ5_ECH3_1 Pin=R5_ECH3-2
Removed Pin From Net: NetName=NetQ5_ECH4_1 Pin=R5_ECH4-2
Removed Pin From Net: NetName=NetQ5_ECH5_1 Pin=R5_ECH5-2
Removed Pin From Net: NetName=NetQ5_ECH6_1 Pin=R5_ECH6-2
Removed Pin From Net: NetName=GND Pin=R6_ECH1-1
Removed Pin From Net: NetName=GND Pin=R6_ECH2-1
Removed Pin From Net: NetName=GND Pin=R6_ECH3-1
Removed Pin From Net: NetName=GND Pin=R6_ECH4-1
Removed Pin From Net: NetName=GND Pin=R6_ECH5-1
Removed Pin From Net: NetName=GND Pin=R6_ECH6-1
Removed Pin From Net: NetName=+12V Pin=REL1_ECH1-1
Removed Pin From Net: NetName=NetD1_ECH1_2 Pin=REL1_ECH1-2
Removed Pin From Net: NetName=+12V Pin=REL1_ECH2-1
Removed Pin From Net: NetName=NetD1_ECH2_2 Pin=REL1_ECH2-2
Removed Pin From Net: NetName=+12V Pin=REL1_ECH3-1
Removed Pin From Net: NetName=NetD1_ECH3_2 Pin=REL1_ECH3-2
Removed Pin From Net: NetName=+12V Pin=REL1_ECH4-1
Removed Pin From Net: NetName=NetD1_ECH4_2 Pin=REL1_ECH4-2
Removed Pin From Net: NetName=+12V Pin=REL1_ECH5-1
Removed Pin From Net: NetName=NetD1_ECH5_2 Pin=REL1_ECH5-2
Removed Pin From Net: NetName=+12V Pin=REL1_ECH6-1
Removed Pin From Net: NetName=NetD1_ECH6_2 Pin=REL1_ECH6-2
Added Component: Designator=D1_ECH1(PCBComponent_1)
Add component (AddParameter): Name = "Manufacturer"; Value = "Vishay General Semiconductor - Diodes Division"; VariantName = "[No Variations]"
Add component (AddParameter): Name = "Manufacturer P/N"; Value = "1N5392-E3/54"; VariantName = "[No Variations]"
Added Component: Designator=D1_ECH2(PCBComponent_1)
Add component (AddParameter): Name = "Manufacturer"; Value = "Vishay General Semiconductor - Diodes Division"; VariantName = "[No Variations]"
Add component (AddParameter): Name = "Manufacturer P/N"; Value = "1N5392-E3/54"; VariantName = "[No Variations]"
Added Component: Designator=D1_ECH3(PCBComponent_1)
Add component (AddParameter): Name = "Manufacturer"; Value = "Vishay General Semiconductor - Diodes Division"; VariantName = "[No Variations]"
Add component (AddParameter): Name = "Manufacturer P/N"; Value = "1N5392-E3/54"; VariantName = "[No Variations]"
Added Component: Designator=D1_ECH4(PCBComponent_1)
Add component (AddParameter): Name = "Manufacturer"; Value = "Vishay General Semiconductor - Diodes Division"; VariantName = "[No Variations]"
Add component (AddParameter): Name = "Manufacturer P/N"; Value = "1N5392-E3/54"; VariantName = "[No Variations]"
Added Component: Designator=D1_ECH5(PCBComponent_1)
Add component (AddParameter): Name = "Manufacturer"; Value = "Vishay General Semiconductor - Diodes Division"; VariantName = "[No Variations]"
Add component (AddParameter): Name = "Manufacturer P/N"; Value = "1N5392-E3/54"; VariantName = "[No Variations]"
Added Component: Designator=D1_ECH6(PCBComponent_1)
Add component (AddParameter): Name = "Manufacturer"; Value = "Vishay General Semiconductor - Diodes Division"; VariantName = "[No Variations]"
Add component (AddParameter): Name = "Manufacturer P/N"; Value = "1N5392-E3/54"; VariantName = "[No Variations]"
Added Component: Designator=J?(282834-8)
Add component (AddParameter): Name = "Manufacturer"; Value = "TE Connectivity AMP Connectors"; VariantName = "[No Variations]"
Add component (AddParameter): Name = "Manufacturter P/N"; Value = "282834-8"; VariantName = "[No Variations]"
Added Component: Designator=J?(282834-8)
Add component (AddParameter): Name = "Manufacturer"; Value = "TE Connectivity AMP Connectors"; VariantName = "[No Variations]"
Add component (AddParameter): Name = "Manufacturter P/N"; Value = "282834-8"; VariantName = "[No Variations]"
Added Component: Designator=Q5_ECH1(ON-SEMI SOT 23)
Added Component: Designator=Q5_ECH2(ON-SEMI SOT 23)
Added Component: Designator=Q5_ECH3(ON-SEMI SOT 23)
Added Component: Designator=Q5_ECH4(ON-SEMI SOT 23)
Added Component: Designator=Q5_ECH5(ON-SEMI SOT 23)
Added Component: Designator=Q5_ECH6(ON-SEMI SOT 23)
Added Component: Designator=Q6_ECH1(SOT78(TO220AB))
Added Component: Designator=Q6_ECH2(SOT78(TO220AB))
Added Component: Designator=Q6_ECH3(SOT78(TO220AB))
Added Component: Designator=Q6_ECH4(SOT78(TO220AB))
Added Component: Designator=Q6_ECH5(SOT78(TO220AB))
Added Component: Designator=Q6_ECH6(SOT78(TO220AB))
Added Component: Designator=R5_ECH1(R0603)
Added Component: Designator=R5_ECH2(R0603)
Added Component: Designator=R5_ECH3(R0603)
Added Component: Designator=R5_ECH4(R0603)
Added Component: Designator=R5_ECH5(R0603)
Added Component: Designator=R5_ECH6(R0603)
Added Component: Designator=R6_ECH1(R0603)
Added Component: Designator=R6_ECH2(R0603)
Added Component: Designator=R6_ECH3(R0603)
Added Component: Designator=R6_ECH4(R0603)
Added Component: Designator=R6_ECH5(R0603)
Added Component: Designator=R6_ECH6(R0603)
Added Component: Designator=REL1_ECH1(ALQ3F12)
Add component (AddParameter): Name = "ComponentLink1Description"; Value = "New link"; VariantName = "[No Variations]"
Add component (AddParameter): Name = "ComponentLink1URL"; Value = ""; VariantName = "[No Variations]"
Add component (AddParameter): Name = "Manufacturer"; Value = "Panasonic Electric Works"; VariantName = "[No Variations]"
Add component (AddParameter): Name = "Manufacturer P/N"; Value = "ALQ3F12"; VariantName = "[No Variations]"
Added Component: Designator=REL1_ECH2(ALQ3F12)
Add component (AddParameter): Name = "ComponentLink1Description"; Value = "New link"; VariantName = "[No Variations]"
Add component (AddParameter): Name = "ComponentLink1URL"; Value = ""; VariantName = "[No Variations]"
Add component (AddParameter): Name = "Manufacturer"; Value = "Panasonic Electric Works"; VariantName = "[No Variations]"
Add component (AddParameter): Name = "Manufacturer P/N"; Value = "ALQ3F12"; VariantName = "[No Variations]"
Added Component: Designator=REL1_ECH3(ALQ3F12)
Add component (AddParameter): Name = "ComponentLink1Description"; Value = "New link"; VariantName = "[No Variations]"
Add component (AddParameter): Name = "ComponentLink1URL"; Value = ""; VariantName = "[No Variations]"
Add component (AddParameter): Name = "Manufacturer"; Value = "Panasonic Electric Works"; VariantName = "[No Variations]"
Add component (AddParameter): Name = "Manufacturer P/N"; Value = "ALQ3F12"; VariantName = "[No Variations]"
Added Component: Designator=REL1_ECH4(ALQ3F12)
Add component (AddParameter): Name = "ComponentLink1Description"; Value = "New link"; VariantName = "[No Variations]"
Add component (AddParameter): Name = "ComponentLink1URL"; Value = ""; VariantName = "[No Variations]"
Add component (AddParameter): Name = "Manufacturer"; Value = "Panasonic Electric Works"; VariantName = "[No Variations]"
Add component (AddParameter): Name = "Manufacturer P/N"; Value = "ALQ3F12"; VariantName = "[No Variations]"
Added Component: Designator=REL1_ECH5(ALQ3F12)
Add component (AddParameter): Name = "ComponentLink1Description"; Value = "New link"; VariantName = "[No Variations]"
Add component (AddParameter): Name = "ComponentLink1URL"; Value = ""; VariantName = "[No Variations]"
Add component (AddParameter): Name = "Manufacturer"; Value = "Panasonic Electric Works"; VariantName = "[No Variations]"
Add component (AddParameter): Name = "Manufacturer P/N"; Value = "ALQ3F12"; VariantName = "[No Variations]"
Added Component: Designator=REL1_ECH6(ALQ3F12)
Add component (AddParameter): Name = "ComponentLink1Description"; Value = "New link"; VariantName = "[No Variations]"
Add component (AddParameter): Name = "ComponentLink1URL"; Value = ""; VariantName = "[No Variations]"
Add component (AddParameter): Name = "Manufacturer"; Value = "Panasonic Electric Works"; VariantName = "[No Variations]"
Add component (AddParameter): Name = "Manufacturer P/N"; Value = "ALQ3F12"; VariantName = "[No Variations]"
Added Pin To Net: NetName=+12V Pin=D1_ECH1-1
Added Pin To Net: NetName=NetD1_ECH1_2 Pin=D1_ECH1-2
Added Pin To Net: NetName=+12V Pin=D1_ECH2-1
Added Pin To Net: NetName=NetD1_ECH2_2 Pin=D1_ECH2-2
Added Pin To Net: NetName=+12V Pin=D1_ECH3-1
Added Pin To Net: NetName=NetD1_ECH3_2 Pin=D1_ECH3-2
Added Pin To Net: NetName=+12V Pin=D1_ECH4-1
Added Pin To Net: NetName=NetD1_ECH4_2 Pin=D1_ECH4-2
Added Pin To Net: NetName=+12V Pin=D1_ECH5-1
Added Pin To Net: NetName=NetD1_ECH5_2 Pin=D1_ECH5-2
Added Pin To Net: NetName=+12V Pin=D1_ECH6-1
Added Pin To Net: NetName=NetD1_ECH6_2 Pin=D1_ECH6-2
Add Pin To Net: Unknown Pin: Pin L1-1
Add Pin To Net: Unknown Pin: Pin L1-2
Added Pin To Net: NetName=NetQ5_ECH1_1 Pin=Q5_ECH1-1
Added Pin To Net: NetName=GND Pin=Q5_ECH1-2
Added Pin To Net: NetName=NetD1_ECH1_2 Pin=Q5_ECH1-3
Added Pin To Net: NetName=NetQ5_ECH2_1 Pin=Q5_ECH2-1
Added Pin To Net: NetName=GND Pin=Q5_ECH2-2
Added Pin To Net: NetName=NetD1_ECH2_2 Pin=Q5_ECH2-3
Added Pin To Net: NetName=NetQ5_ECH3_1 Pin=Q5_ECH3-1
Added Pin To Net: NetName=GND Pin=Q5_ECH3-2
Added Pin To Net: NetName=NetD1_ECH3_2 Pin=Q5_ECH3-3
Added Pin To Net: NetName=NetQ5_ECH4_1 Pin=Q5_ECH4-1
Added Pin To Net: NetName=GND Pin=Q5_ECH4-2
Added Pin To Net: NetName=NetD1_ECH4_2 Pin=Q5_ECH4-3
Added Pin To Net: NetName=NetQ5_ECH5_1 Pin=Q5_ECH5-1
Added Pin To Net: NetName=GND Pin=Q5_ECH5-2
Added Pin To Net: NetName=NetD1_ECH5_2 Pin=Q5_ECH5-3
Added Pin To Net: NetName=NetQ5_ECH6_1 Pin=Q5_ECH6-1
Added Pin To Net: NetName=GND Pin=Q5_ECH6-2
Added Pin To Net: NetName=NetD1_ECH6_2 Pin=Q5_ECH6-3
Added Pin To Net: NetName=NetQ5_ECH1_1 Pin=Q6_ECH1-1
Added Pin To Net: NetName=GND Pin=Q6_ECH1-2
Added Pin To Net: NetName=NetD1_ECH1_2 Pin=Q6_ECH1-3
Added Pin To Net: NetName=NetQ5_ECH2_1 Pin=Q6_ECH2-1
Added Pin To Net: NetName=GND Pin=Q6_ECH2-2
Added Pin To Net: NetName=NetD1_ECH2_2 Pin=Q6_ECH2-3
Added Pin To Net: NetName=NetQ5_ECH3_1 Pin=Q6_ECH3-1
Added Pin To Net: NetName=GND Pin=Q6_ECH3-2
Added Pin To Net: NetName=NetD1_ECH3_2 Pin=Q6_ECH3-3
Added Pin To Net: NetName=NetQ5_ECH4_1 Pin=Q6_ECH4-1
Added Pin To Net: NetName=GND Pin=Q6_ECH4-2
Added Pin To Net: NetName=NetD1_ECH4_2 Pin=Q6_ECH4-3
Added Pin To Net: NetName=NetQ5_ECH5_1 Pin=Q6_ECH5-1
Added Pin To Net: NetName=GND Pin=Q6_ECH5-2
Added Pin To Net: NetName=NetD1_ECH5_2 Pin=Q6_ECH5-3
Added Pin To Net: NetName=NetQ5_ECH6_1 Pin=Q6_ECH6-1
Added Pin To Net: NetName=GND Pin=Q6_ECH6-2
Added Pin To Net: NetName=NetD1_ECH6_2 Pin=Q6_ECH6-3
Added Pin To Net: NetName=NetQ5_ECH1_1 Pin=R5_ECH1-2
Added Pin To Net: NetName=NetQ5_ECH2_1 Pin=R5_ECH2-2
Added Pin To Net: NetName=NetQ5_ECH3_1 Pin=R5_ECH3-2
Added Pin To Net: NetName=NetQ5_ECH4_1 Pin=R5_ECH4-2
Added Pin To Net: NetName=NetQ5_ECH5_1 Pin=R5_ECH5-2
Added Pin To Net: NetName=NetQ5_ECH6_1 Pin=R5_ECH6-2
Added Pin To Net: NetName=GND Pin=R6_ECH1-1
Added Pin To Net: NetName=GND Pin=R6_ECH2-1
Added Pin To Net: NetName=GND Pin=R6_ECH3-1
Added Pin To Net: NetName=GND Pin=R6_ECH4-1
Added Pin To Net: NetName=GND Pin=R6_ECH5-1
Added Pin To Net: NetName=GND Pin=R6_ECH6-1
Added Pin To Net: NetName=+12V Pin=REL1_ECH1-1
Added Pin To Net: NetName=NetD1_ECH1_2 Pin=REL1_ECH1-2
Added Pin To Net: NetName=+12V Pin=REL1_ECH2-1
Added Pin To Net: NetName=NetD1_ECH2_2 Pin=REL1_ECH2-2
Added Pin To Net: NetName=+12V Pin=REL1_ECH3-1
Added Pin To Net: NetName=NetD1_ECH3_2 Pin=REL1_ECH3-2
Added Pin To Net: NetName=+12V Pin=REL1_ECH4-1
Added Pin To Net: NetName=NetD1_ECH4_2 Pin=REL1_ECH4-2
Added Pin To Net: NetName=+12V Pin=REL1_ECH5-1
Added Pin To Net: NetName=NetD1_ECH5_2 Pin=REL1_ECH5-2
Added Pin To Net: NetName=+12V Pin=REL1_ECH6-1
Added Pin To Net: NetName=NetD1_ECH6_2 Pin=REL1_ECH6-2
Added Pin To Net: NetName=DCI_1 Pin=J?-5
Added Pin To Net: NetName=DCI_1 Pin=REL1_ECH3-3
Added Net: Name=DCI_1
Added Pin To Net: NetName=DCI_2 Pin=J?-7
Added Pin To Net: NetName=DCI_2 Pin=REL1_ECH4-3
Added Net: Name=DCI_2
Added Pin To Net: NetName=DCI_3 Pin=J?-1
Added Pin To Net: NetName=DCI_3 Pin=REL1_ECH5-3
Added Net: Name=DCI_3
Added Pin To Net: NetName=DCI_4 Pin=J?-3
Added Pin To Net: NetName=DCI_4 Pin=REL1_ECH6-3
Added Net: Name=DCI_4
Added Pin To Net: NetName=DCO_1 Pin=J?-6
Added Pin To Net: NetName=DCO_1 Pin=REL1_ECH3-4
Added Net: Name=DCO_1
Added Pin To Net: NetName=DCO_2 Pin=J?-8
Added Pin To Net: NetName=DCO_2 Pin=REL1_ECH4-4
Added Net: Name=DCO_2
Added Pin To Net: NetName=DCO_3 Pin=J?-2
Added Pin To Net: NetName=DCO_3 Pin=REL1_ECH5-4
Added Net: Name=DCO_3
Added Pin To Net: NetName=DCO_4 Pin=J?-4
Added Pin To Net: NetName=DCO_4 Pin=REL1_ECH6-4
Added Net: Name=DCO_4
Added Pin To Net: NetName=ECH1 Pin=R5_ECH1-1
Added Pin To Net: NetName=ECH1 Pin=R6_ECH1-2
Added Net: Name=ECH1
Added Pin To Net: NetName=ECH2 Pin=R5_ECH2-1
Added Pin To Net: NetName=ECH2 Pin=R6_ECH2-2
Added Net: Name=ECH2
Added Pin To Net: NetName=ECH3 Pin=R5_ECH3-1
Added Pin To Net: NetName=ECH3 Pin=R6_ECH3-2
Added Net: Name=ECH3
Added Pin To Net: NetName=ECH4 Pin=R5_ECH4-1
Added Pin To Net: NetName=ECH4 Pin=R6_ECH4-2
Added Net: Name=ECH4
Added Pin To Net: NetName=ECH5 Pin=R5_ECH5-1
Added Pin To Net: NetName=ECH5 Pin=R6_ECH5-2
Added Net: Name=ECH5
Added Pin To Net: NetName=ECH6 Pin=R5_ECH6-1
Added Pin To Net: NetName=ECH6 Pin=R6_ECH6-2
Added Net: Name=ECH6
Added Pin To Net: NetName=INVI Pin=J?-5
Added Pin To Net: NetName=INVI Pin=Q1-3
Added Pin To Net: NetName=INVI Pin=Q2-3
Added Net: Name=INVI
Added Pin To Net: NetName=INVO Pin=J?-6
Added Net: Name=INVO
Added Pin To Net: NetName=PHI_1 Pin=J?-1
Added Pin To Net: NetName=PHI_1 Pin=REL1_ECH1-3
Added Net: Name=PHI_1
Added Pin To Net: NetName=PHI_2 Pin=J?-3
Added Pin To Net: NetName=PHI_2 Pin=REL1_ECH2-3
Added Net: Name=PHI_2
Added Pin To Net: NetName=PHO_1 Pin=J?-2
Added Pin To Net: NetName=PHO_1 Pin=REL1_ECH1-4
Added Net: Name=PHO_1
Added Pin To Net: NetName=PHO_2 Pin=J?-4
Added Pin To Net: NetName=PHO_2 Pin=REL1_ECH2-4
Added Net: Name=PHO_2
Add Class Member: Failed to add class member : Component *_ECH1 (*) Tital_block_1
Add Class Member: Failed to add class member : Component *_ECH2 (*) Tital_block_1
Add Class Member: Failed to add class member : Component *_ECH3 (*) Tital_block_1
Add Class Member: Failed to add class member : Component *_ECH4 (*) Tital_block_1
Add Class Member: Failed to add class member : Component *_ECH5 (*) Tital_block_1
Add Class Member: Failed to add class member : Component *_ECH6 (*) Tital_block_1
Add Class Member: Failed to add class member : Component * Tital_block_1
Added Member To Class: ClassName=Main Member=Component J? 282834-8
Added Member To Class: ClassName=Main Member=Component J? 282834-8
Add Class Member: Failed to add class member : Component L1 3.3uH
